0 info it worked if it ends with ok
1 verbose cli [ 'node',
1 verbose cli   '/home/joel/.meteor/packages/meteor-tool/.1.3.2_4.1qibslw++os.linux.x86_64+web.browser+web.cordova/mt-os.linux.x86_64/dev_bundle/bin/npm',
1 verbose cli   'install',
1 verbose cli   '--save',
1 verbose cli   'auth-client-callbacks' ]
2 info using npm@2.14.22
3 info using node@v0.10.43
4 verbose install initial load of /home/joel/programming/TDDD272016_coursecompanion/package.json
5 verbose installManyTop reading scoped package data from /home/joel/programming/TDDD272016_coursecompanion/node_modules/amdefine/package.json
6 verbose installManyTop reading scoped package data from /home/joel/programming/TDDD272016_coursecompanion/node_modules/asap/package.json
7 verbose installManyTop reading scoped package data from /home/joel/programming/TDDD272016_coursecompanion/node_modules/babel-plugin-syntax-flow/package.json
8 verbose installManyTop reading scoped package data from /home/joel/programming/TDDD272016_coursecompanion/node_modules/babel-runtime/package.json
9 verbose installManyTop reading scoped package data from /home/joel/programming/TDDD272016_coursecompanion/node_modules/base62/package.json
10 verbose installManyTop reading scoped package data from /home/joel/programming/TDDD272016_coursecompanion/node_modules/classnames/package.json
11 verbose installManyTop reading scoped package data from /home/joel/programming/TDDD272016_coursecompanion/node_modules/core-js/package.json
12 verbose installManyTop reading scoped package data from /home/joel/programming/TDDD272016_coursecompanion/node_modules/domready/package.json
13 verbose installManyTop reading scoped package data from /home/joel/programming/TDDD272016_coursecompanion/node_modules/encoding/package.json
14 verbose installManyTop reading scoped package data from /home/joel/programming/TDDD272016_coursecompanion/node_modules/envify/package.json
15 verbose installManyTop reading scoped package data from /home/joel/programming/TDDD272016_coursecompanion/node_modules/esprima-fb/package.json
16 verbose installManyTop reading scoped package data from /home/joel/programming/TDDD272016_coursecompanion/node_modules/fbjs/package.json
17 verbose installManyTop reading scoped package data from /home/joel/programming/TDDD272016_coursecompanion/node_modules/iconv-lite/package.json
18 verbose installManyTop reading scoped package data from /home/joel/programming/TDDD272016_coursecompanion/node_modules/is-stream/package.json
19 verbose installManyTop reading scoped package data from /home/joel/programming/TDDD272016_coursecompanion/node_modules/isomorphic-fetch/package.json
20 verbose installManyTop reading scoped package data from /home/joel/programming/TDDD272016_coursecompanion/node_modules/js-tokens/package.json
21 verbose installManyTop reading scoped package data from /home/joel/programming/TDDD272016_coursecompanion/node_modules/jstransform/package.json
22 verbose installManyTop reading scoped package data from /home/joel/programming/TDDD272016_coursecompanion/node_modules/loose-envify/package.json
23 verbose installManyTop reading scoped package data from /home/joel/programming/TDDD272016_coursecompanion/node_modules/meteor-node-stubs/package.json
24 verbose installManyTop reading scoped package data from /home/joel/programming/TDDD272016_coursecompanion/node_modules/node-fetch/package.json
25 verbose installManyTop reading scoped package data from /home/joel/programming/TDDD272016_coursecompanion/node_modules/promise/package.json
26 verbose installManyTop reading scoped package data from /home/joel/programming/TDDD272016_coursecompanion/node_modules/react/package.json
27 verbose installManyTop reading scoped package data from /home/joel/programming/TDDD272016_coursecompanion/node_modules/react-addons-pure-render-mixin/package.json
28 verbose installManyTop reading scoped package data from /home/joel/programming/TDDD272016_coursecompanion/node_modules/react-dom/package.json
29 verbose installManyTop reading scoped package data from /home/joel/programming/TDDD272016_coursecompanion/node_modules/react-mounter/package.json
30 verbose installManyTop reading scoped package data from /home/joel/programming/TDDD272016_coursecompanion/node_modules/source-map/package.json
31 verbose installManyTop reading scoped package data from /home/joel/programming/TDDD272016_coursecompanion/node_modules/through/package.json
32 verbose installManyTop reading scoped package data from /home/joel/programming/TDDD272016_coursecompanion/node_modules/ua-parser-js/package.json
33 verbose installManyTop reading scoped package data from /home/joel/programming/TDDD272016_coursecompanion/node_modules/whatwg-fetch/package.json
34 info package.json babel-plugin-syntax-flow@6.8.0 No description
35 verbose readDependencies loading dependencies from /home/joel/programming/TDDD272016_coursecompanion/package.json
36 silly cache add args [ 'auth-client-callbacks', null ]
37 verbose cache add spec auth-client-callbacks
38 silly cache add parsed spec { raw: 'auth-client-callbacks',
38 silly cache add   scope: null,
38 silly cache add   name: 'auth-client-callbacks',
38 silly cache add   rawSpec: '',
38 silly cache add   spec: 'latest',
38 silly cache add   type: 'tag' }
39 silly addNamed auth-client-callbacks@latest
40 verbose addNamed "latest" is being treated as a dist-tag for auth-client-callbacks
41 info addNameTag [ 'auth-client-callbacks', 'latest' ]
42 silly mapToRegistry name auth-client-callbacks
43 silly mapToRegistry using default registry
44 silly mapToRegistry registry https://registry.npmjs.org/
45 silly mapToRegistry uri https://registry.npmjs.org/auth-client-callbacks
46 verbose addNameTag registry:https://registry.npmjs.org/auth-client-callbacks not in flight; fetching
47 verbose request uri https://registry.npmjs.org/auth-client-callbacks
48 verbose request no auth needed
49 info attempt registry request try #1 at 22:06:52
50 verbose request id 4d90be7ae7227ca4
51 http request GET https://registry.npmjs.org/auth-client-callbacks
52 http 404 https://registry.npmjs.org/auth-client-callbacks
53 verbose headers { 'content-type': 'application/json',
53 verbose headers   'cache-control': 'max-age=0',
53 verbose headers   'content-length': '2',
53 verbose headers   'accept-ranges': 'bytes',
53 verbose headers   date: 'Mon, 09 May 2016 20:06:52 GMT',
53 verbose headers   via: '1.1 varnish',
53 verbose headers   age: '0',
53 verbose headers   connection: 'keep-alive',
53 verbose headers   'x-served-by': 'cache-ams4146-AMS',
53 verbose headers   'x-cache': 'MISS',
53 verbose headers   'x-cache-hits': '0',
53 verbose headers   'x-timer': 'S1462824412.187343,VS0,VE726',
53 verbose headers   vary: 'Accept-Encoding' }
54 silly get cb [ 404,
54 silly get   { 'content-type': 'application/json',
54 silly get     'cache-control': 'max-age=0',
54 silly get     'content-length': '2',
54 silly get     'accept-ranges': 'bytes',
54 silly get     date: 'Mon, 09 May 2016 20:06:52 GMT',
54 silly get     via: '1.1 varnish',
54 silly get     age: '0',
54 silly get     connection: 'keep-alive',
54 silly get     'x-served-by': 'cache-ams4146-AMS',
54 silly get     'x-cache': 'MISS',
54 silly get     'x-cache-hits': '0',
54 silly get     'x-timer': 'S1462824412.187343,VS0,VE726',
54 silly get     vary: 'Accept-Encoding' } ]
55 verbose stack Error: Registry returned 404 for GET on https://registry.npmjs.org/auth-client-callbacks
55 verbose stack     at makeError (/home/joel/.meteor/packages/meteor-tool/.1.3.2_4.1qibslw++os.linux.x86_64+web.browser+web.cordova/mt-os.linux.x86_64/dev_bundle/lib/node_modules/npm/node_modules/npm-registry-client/lib/request.js:264:12)
55 verbose stack     at CachingRegistryClient.<anonymous> (/home/joel/.meteor/packages/meteor-tool/.1.3.2_4.1qibslw++os.linux.x86_64+web.browser+web.cordova/mt-os.linux.x86_64/dev_bundle/lib/node_modules/npm/node_modules/npm-registry-client/lib/request.js:242:14)
55 verbose stack     at Request._callback (/home/joel/.meteor/packages/meteor-tool/.1.3.2_4.1qibslw++os.linux.x86_64+web.browser+web.cordova/mt-os.linux.x86_64/dev_bundle/lib/node_modules/npm/node_modules/npm-registry-client/lib/request.js:172:14)
55 verbose stack     at Request.self.callback (/home/joel/.meteor/packages/meteor-tool/.1.3.2_4.1qibslw++os.linux.x86_64+web.browser+web.cordova/mt-os.linux.x86_64/dev_bundle/lib/node_modules/npm/node_modules/request/request.js:199:22)
55 verbose stack     at Request.emit (events.js:98:17)
55 verbose stack     at Request.<anonymous> (/home/joel/.meteor/packages/meteor-tool/.1.3.2_4.1qibslw++os.linux.x86_64+web.browser+web.cordova/mt-os.linux.x86_64/dev_bundle/lib/node_modules/npm/node_modules/request/request.js:1036:10)
55 verbose stack     at Request.emit (events.js:117:20)
55 verbose stack     at IncomingMessage.<anonymous> (/home/joel/.meteor/packages/meteor-tool/.1.3.2_4.1qibslw++os.linux.x86_64+web.browser+web.cordova/mt-os.linux.x86_64/dev_bundle/lib/node_modules/npm/node_modules/request/request.js:963:12)
55 verbose stack     at IncomingMessage.emit (events.js:117:20)
55 verbose stack     at _stream_readable.js:944:16
56 verbose statusCode 404
57 verbose pkgid auth-client-callbacks
58 verbose cwd /home/joel/programming/TDDD272016_coursecompanion
59 error Linux 3.19.0-58-generic
60 error argv "node" "/home/joel/.meteor/packages/meteor-tool/.1.3.2_4.1qibslw++os.linux.x86_64+web.browser+web.cordova/mt-os.linux.x86_64/dev_bundle/bin/npm" "install" "--save" "auth-client-callbacks"
61 error node v0.10.43
62 error npm  v2.14.22
63 error code E404
64 error 404 Registry returned 404 for GET on https://registry.npmjs.org/auth-client-callbacks
64 error 404
64 error 404 'auth-client-callbacks' is not in the npm registry.
64 error 404 You should bug the author to publish it (or use the name yourself!)
64 error 404 It was specified as a dependency of 'coursecompanion'
64 error 404
64 error 404 Note that you can also install from a
64 error 404 tarball, folder, http url, or git url.
65 verbose exit [ 1, true ]
